=== 任务开始时间: Sun May 24 15:00:02 CST 2026 ===
[2026-05-24 15:00:03.324477] 正在启动 2026 深度情报审计...
   [AI请求] 正在生成 word ... ❌(兜底数据)
   [AI请求] 正在生成 desc ... ✅
 ❌(兜底数据)
   [AI请求] 正在生成 lyric ... ❌(兜底数据)
   [抓取] 正在获取黑客新闻源...
   [抓取] 正在获取日本 IT 新闻源...
   [抓取新闻] 正在用 AI 总结: AI搭載のエクソスケ... ❌(超时或欠费，使用原标题)
   [抓取新闻] 正在用 AI 总结: 打倒アルファードの大... ❌(超时或欠费，使用原标题)
   [抓取新闻] 正在用 AI 总结: 【決定版】仕事用高級... ❌(超时或欠费，使用原标题)
   [抓取] 正在搜寻最新 CVE 仓库...
   [AI请求] 正在生成 cve ... ❌(兜底数据)
   [AI请求] 正在生成 cve ... ✅
   [AI请求] 正在生成 cve ... ✅
   [AI请求] 正在生成 cve ... ✅
   [AI请求] 正在生成 cve ... ✅
   [AI请求] 正在生成 cve ... ✅
   [AI请求] 正在生成 cve ... ✅
   [AI请求] 正在生成 cve ...